<?xml version="1.0" encoding="UTF-8"?>
<!-- Generated by org.testng.reporters.JUnitReportReporter -->
<testsuite hostname="DESKTOP-TO8FPS5" failures="0" tests="1" name="com.automation.testProject.TestOne" time="21.027" errors="0" timestamp="2022-07-10T12:08:53 IST" skipped="0">
  <testcase classname="com.automation.testProject.TestOne" name="f" time="21.027"/>
  <system-out>
    <![CDATA[Open URL
Element is Present]]>
  </system-out>
</testsuite> <!-- com.automation.testProject.TestOne -->
