<?xml version="1.0" encoding="UTF-8"?>
<!-- Generated by org.testng.reporters.JUnitReportReporter -->
<testsuite hostname="DESKTOP-TO8FPS5" failures="0" tests="1" name="com.automation.testProject.testTestNG" time="0.020" errors="0" timestamp="2022-07-10T11:13:47 IST" skipped="0">
  <testcase classname="com.automation.testProject.testTestNG" name="f" time="0.020"/>
  <system-out/>
</testsuite> <!-- com.automation.testProject.testTestNG -->
